<?xml version="1.0" encoding="UTF-8"?>
<!-- Generated by org.testng.reporters.JUnitReportReporter -->
<testsuite hostname="Admin" failures="0" tests="3" name="tests.AddNewCustomerTest" time="107.898" errors="0" timestamp="12 Aug 2018 06:37:46 GMT" skipped="0">
  <testcase classname="tests.AddNewCustomerTest" name="createNewCustomer" time="32.313"/>
  <testcase classname="tests.AddNewCustomerTest" name="createNewCustomer" time="42.878"/>
  <testcase classname="tests.AddNewCustomerTest" name="createNewCustomer" time="32.707"/>
</testsuite> <!-- tests.AddNewCustomerTest -->
