<?xml version="1.0" encoding="UTF-8"?>
<!-- Generated by org.testng.reporters.JUnitReportReporter -->
<testsuite hostname="Admin" failures="0" tests="2" name="tests.HomePageTest" time="51.478" errors="0" timestamp="11 Aug 2018 19:24:22 GMT" skipped="0">
  <testcase classname="tests.HomePageTest" name="verifyWelcomeMessage" time="22.406"/>
  <testcase classname="tests.HomePageTest" name="verifyManagerID" time="29.072"/>
</testsuite> <!-- tests.HomePageTest -->
